# JRE version: 6.0_32-b32
# Java VM: OpenJDK 64-Bit Server VM (23.25-b01 mixed mode linux-amd64 compressed oops)
Heap
 PSYoungGen      total 228160K, used 20637K [0x00000000eaab0000, 0x00000000f9a50000, 0x0000000100000000)
  eden space 227584K, 9% used [0x00000000eaab0000,0x00000000ebed75c0,0x00000000f88f0000)
  from space 576K, 0% used [0x00000000f88f0000,0x00000000f88f0000,0x00000000f8980000)
  to   space 8896K, 0% used [0x00000000f91a0000,0x00000000f91a0000,0x00000000f9a50000)
 ParOldGen       total 349568K, used 110546K [0x00000000c0000000, 0x00000000d5560000, 0x00000000eaab0000)
  object space 349568K, 31% used [0x00000000c0000000,0x00000000c6bf4920,0x00000000d5560000)
 PSPermGen       total 119360K, used 118912K [0x00000000b0000000, 0x00000000b7490000, 0x00000000c0000000)
  object space 119360K, 99% used [0x00000000b0000000,0x00000000b74202f8,0x00000000b7490000)
GC Heap History (10 events):
Event: 2342.795 GC heap before
{Heap before GC invocations=97 (full 40):
 PSYoungGen      total 229504K, used 1912K [0x00000000eaab0000, 0x00000000f9cf0000, 0x0000000100000000)
  eden space 227584K, 0% used [0x00000000eaab0000,0x00000000eaab0000,0x00000000f88f0000)
  from space 1920K, 99% used [0x00000000f88f0000,0x00000000f8ace228,0x00000000f8ad0000)
  to   space 10240K, 0% used [0x00000000f92f0000,0x00000000f92f0000,0x00000000f9cf0000)
 ParOldGen       total 349568K, used 110487K [0x00000000c0000000, 0x00000000d5560000, 0x00000000eaab0000)
  object space 349568K, 31% used [0x00000000c0000000,0x00000000c6be5e80,0x00000000d5560000)
 PSPermGen       total 117824K, used 117558K [0x00000000b0000000, 0x00000000b7310000, 0x00000000c0000000)
  object space 117824K, 99% used [0x00000000b0000000,0x00000000b72cd9a8,0x00000000b7310000)
Event: 2343.246 GC heap after
Heap after GC invocations=97 (full 40):
 PSYoungGen      total 229504K, used 0K [0x00000000eaab0000, 0x00000000f9cf0000, 0x0000000100000000)
  eden space 227584K, 0% used [0x00000000eaab0000,0x00000000eaab0000,0x00000000f88f0000)
  from space 1920K, 0% used [0x00000000f88f0000,0x00000000f88f0000,0x00000000f8ad0000)
  to   space 10240K, 0% used [0x00000000f92f0000,0x00000000f92f0000,0x00000000f9cf0000)
 ParOldGen       total 349568K, used 110629K [0x00000000c0000000, 0x00000000d5560000, 0x00000000eaab0000)
  object space 349568K, 31% used [0x00000000c0000000,0x00000000c6c095a8,0x00000000d5560000)
 PSPermGen       total 120064K, used 117556K [0x00000000b0000000, 0x00000000b7540000, 0x00000000c0000000)
  object space 120064K, 97% used [0x00000000b0000000,0x00000000b72cd278,0x00000000b7540000)
}
Event: 2403.697 GC heap before
{Heap before GC invocations=98 (full 40):
 PSYoungGen      total 229504K, used 16019K [0x00000000eaab0000, 0x00000000f9cf0000, 0x0000000100000000)
  eden space 227584K, 7% used [0x00000000eaab0000,0x00000000eba54ff8,0x00000000f88f0000)
  from space 1920K, 0% used [0x00000000f88f0000,0x00000000f88f0000,0x00000000f8ad0000)
  to   space 10240K, 0% used [0x00000000f92f0000,0x00000000f92f0000,0x00000000f9cf0000)
 ParOldGen       total 349568K, used 110629K [0x00000000c0000000, 0x00000000d5560000, 0x00000000eaab0000)
  object space 349568K, 31% used [0x00000000c0000000,0x00000000c6c095a8,0x00000000d5560000)
 PSPermGen       total 120064K, used 117566K [0x00000000b0000000, 0x00000000b7540000, 0x00000000c0000000)
  object space 120064K, 97% used [0x00000000b0000000,0x00000000b72cfb08,0x00000000b7540000)
Event: 2403.706 GC heap after
Heap after GC invocations=98 (full 40):
 PSYoungGen      total 236544K, used 320K [0x00000000eaab0000, 0x00000000f9bb0000, 0x0000000100000000)
  eden space 227584K, 0% used [0x00000000eaab0000,0x00000000eaab0000,0x00000000f88f0000)
  from space 8960K, 3% used [0x00000000f92f0000,0x00000000f9340000,0x00000000f9bb0000)
  to   space 9600K, 0% used [0x00000000f88f0000,0x00000000f88f0000,0x00000000f9250000)
 ParOldGen       total 349568K, used 110629K [0x00000000c0000000, 0x00000000d5560000, 0x00000000eaab0000)
  object space 349568K, 31% used [0x00000000c0000000,0x00000000c6c095a8,0x00000000d5560000)
 PSPermGen       total 120064K, used 117566K [0x00000000b0000000, 0x00000000b7540000, 0x00000000c0000000)
  object space 120064K, 97% used [0x00000000b0000000,0x00000000b72cfb08,0x00000000b7540000)
}
Event: 2403.706 GC heap before
{Heap before GC invocations=99 (full 41):
 PSYoungGen      total 236544K, used 320K [0x00000000eaab0000, 0x00000000f9bb0000, 0x0000000100000000)
  eden space 227584K, 0% used [0x00000000eaab0000,0x00000000eaab0000,0x00000000f88f0000)
  from space 8960K, 3% used [0x00000000f92f0000,0x00000000f9340000,0x00000000f9bb0000)
  to   space 9600K, 0% used [0x00000000f88f0000,0x00000000f88f0000,0x00000000f9250000)
 ParOldGen       total 349568K, used 110629K [0x00000000c0000000, 0x00000000d5560000, 0x00000000eaab0000)
  object space 349568K, 31% used [0x00000000c0000000,0x00000000c6c095a8,0x00000000d5560000)
 PSPermGen       total 120064K, used 117566K [0x00000000b0000000, 0x00000000b7540000, 0x00000000c0000000)
  object space 120064K, 97% used [0x00000000b0000000,0x00000000b72cfb08,0x00000000b7540000)
Event: 2404.160 GC heap after
Heap after GC invocations=99 (full 41):
 PSYoungGen      total 236544K, used 0K [0x00000000eaab0000, 0x00000000f9bb0000, 0x0000000100000000)
  eden space 227584K, 0% used [0x00000000eaab0000,0x00000000eaab0000,0x00000000f88f0000)
  from space 8960K, 0% used [0x00000000f92f0000,0x00000000f92f0000,0x00000000f9bb0000)
  to   space 9600K, 0% used [0x00000000f88f0000,0x00000000f88f0000,0x00000000f9250000)
 ParOldGen       total 349568K, used 110324K [0x00000000c0000000, 0x00000000d5560000, 0x00000000eaab0000)
  object space 349568K, 31% used [0x00000000c0000000,0x00000000c6bbd0c0,0x00000000d5560000)
 PSPermGen       total 119360K, used 117545K [0x00000000b0000000, 0x00000000b7490000, 0x00000000c0000000)
  object space 119360K, 98% used [0x00000000b0000000,0x00000000b72ca618,0x00000000b7490000)
}
Event: 2463.700 GC heap before
{Heap before GC invocations=100 (full 41):
 PSYoungGen      total 236544K, used 34534K [0x00000000eaab0000, 0x00000000f9bb0000, 0x0000000100000000)
  eden space 227584K, 15% used [0x00000000eaab0000,0x00000000ecc69818,0x00000000f88f0000)
  from space 8960K, 0% used [0x00000000f92f0000,0x00000000f92f0000,0x00000000f9bb0000)
  to   space 9600K, 0% used [0x00000000f88f0000,0x00000000f88f0000,0x00000000f9250000)
 ParOldGen       total 349568K, used 110324K [0x00000000c0000000, 0x00000000d5560000, 0x00000000eaab0000)
  object space 349568K, 31% used [0x00000000c0000000,0x00000000c6bbd0c0,0x00000000d5560000)
 PSPermGen       total 119360K, used 117777K [0x00000000b0000000, 0x00000000b7490000, 0x00000000c0000000)
  object space 119360K, 98% used [0x00000000b0000000,0x00000000b7304688,0x00000000b7490000)
Event: 2463.708 GC heap after
Heap after GC invocations=100 (full 41):
 PSYoungGen      total 228160K, used 536K [0x00000000eaab0000, 0x00000000f9a50000, 0x0000000100000000)
  eden space 227584K, 0% used [0x00000000eaab0000,0x00000000eaab0000,0x00000000f88f0000)
  from space 576K, 93% used [0x00000000f88f0000,0x00000000f8976150,0x00000000f8980000)
  to   space 8896K, 0% used [0x00000000f91a0000,0x00000000f91a0000,0x00000000f9a50000)
 ParOldGen       total 349568K, used 110324K [0x00000000c0000000, 0x00000000d5560000, 0x00000000eaab0000)
  object space 349568K, 31% used [0x00000000c0000000,0x00000000c6bbd0c0,0x00000000d5560000)
 PSPermGen       total 119360K, used 117777K [0x00000000b0000000, 0x00000000b7490000, 0x00000000c0000000)
  object space 119360K, 98% used [0x00000000b0000000,0x00000000b7304688,0x00000000b7490000)
}
Event: 2463.708 GC heap before
{Heap before GC invocations=101 (full 42):
 PSYoungGen      total 228160K, used 536K [0x00000000eaab0000, 0x00000000f9a50000, 0x0000000100000000)
  eden space 227584K, 0% used [0x00000000eaab0000,0x00000000eaab0000,0x00000000f88f0000)
  from space 576K, 93% used [0x00000000f88f0000,0x00000000f8976150,0x00000000f8980000)
  to   space 8896K, 0% used [0x00000000f91a0000,0x00000000f91a0000,0x00000000f9a50000)
 ParOldGen       total 349568K, used 110324K [0x00000000c0000000, 0x00000000d5560000, 0x00000000eaab0000)
  object space 349568K, 31% used [0x00000000c0000000,0x00000000c6bbd0c0,0x00000000d5560000)
 PSPermGen       total 119360K, used 117777K [0x00000000b0000000, 0x00000000b7490000, 0x00000000c0000000)
  object space 119360K, 98% used [0x00000000b0000000,0x00000000b7304688,0x00000000b7490000)
Event: 2464.169 GC heap after
Heap after GC invocations=101 (full 42):
 PSYoungGen      total 228160K, used 0K [0x00000000eaab0000, 0x00000000f9a50000, 0x0000000100000000)
  eden space 227584K, 0% used [0x00000000eaab0000,0x00000000eaab0000,0x00000000f88f0000)
  from space 576K, 0% used [0x00000000f88f0000,0x00000000f88f0000,0x00000000f8980000)
  to   space 8896K, 0% used [0x00000000f91a0000,0x00000000f91a0000,0x00000000f9a50000)
 ParOldGen       total 349568K, used 110546K [0x00000000c0000000, 0x00000000d5560000, 0x00000000eaab0000)
  object space 349568K, 31% used [0x00000000c0000000,0x00000000c6bf4920,0x00000000d5560000)
 PSPermGen       total 119360K, used 117774K [0x00000000b0000000, 0x00000000b7490000, 0x00000000c0000000)
  object space 119360K, 98% used [0x00000000b0000000,0x00000000b7303848,0x00000000b7490000)
}

